<?xml version="1.0" encoding="UTF-8"?>
<testsuite xmlns:xsi="http://www.w3.org/2001/XMLSchema-instance" xsi:schemaLocation="https://maven.apache.org/surefire/maven-surefire-plugin/xsd/surefire-test-report.xsd" name="runner.TestRunner" time="35.365" tests="21" errors="0" skipped="0" failures="0">
  <properties>
    <property name="java.runtime.name" value="Java(TM) SE Runtime Environment"/>
    <property name="sun.boot.library.path" value="/Library/Java/JavaVirtualMachines/jdk1.8.0_181.jdk/Contents/Home/jre/lib"/>
    <property name="java.vm.version" value="25.181-b13"/>
    <property name="browser" value="firefox"/>
    <property name="gopherProxySet" value="false"/>
    <property name="java.vm.vendor" value="Oracle Corporation"/>
    <property name="maven.multiModuleProjectDirectory" value="/Users/sunyadav1/Desktop/selenium_bdd"/>
    <property name="java.vendor.url" value="http://java.oracle.com/"/>
    <property name="path.separator" value=":"/>
    <property name="guice.disable.misplaced.annotation.check" value="true"/>
    <property name="java.vm.name" value="Java HotSpot(TM) 64-Bit Server VM"/>
    <property name="file.encoding.pkg" value="sun.io"/>
    <property name="user.country" value="IN"/>
    <property name="sun.java.launcher" value="SUN_STANDARD"/>
    <property name="sun.os.patch.level" value="unknown"/>
    <property name="java.vm.specification.name" value="Java Virtual Machine Specification"/>
    <property name="user.dir" value="/Users/sunyadav1/Desktop/selenium_bdd"/>
    <property name="java.runtime.version" value="1.8.0_181-b13"/>
    <property name="java.awt.graphicsenv" value="sun.awt.CGraphicsEnvironment"/>
    <property name="java.endorsed.dirs" value="/Library/Java/JavaVirtualMachines/jdk1.8.0_181.jdk/Contents/Home/jre/lib/endorsed"/>
    <property name="os.arch" value="x86_64"/>
    <property name="java.io.tmpdir" value="/var/folders/0c/qrzz18f91m902j0p48jlhcy41kz3zw/T/"/>
    <property name="line.separator" value="&#10;"/>
    <property name="java.vm.specification.vendor" value="Oracle Corporation"/>
    <property name="os.name" value="Mac OS X"/>
    <property name="classworlds.conf" value="/Users/sunyadav1/Desktop/C Data/Maven/apache-maven-3.6.1/bin/m2.conf"/>
    <property name="sun.jnu.encoding" value="UTF-8"/>
    <property name="java.library.path" value="/Users/sunyadav1/Library/Java/Extensions:/Library/Java/Extensions:/Network/Library/Java/Extensions:/System/Library/Java/Extensions:/usr/lib/java:."/>
    <property name="maven.conf" value="/Users/sunyadav1/Desktop/C Data/Maven/apache-maven-3.6.1/conf"/>
    <property name="java.specification.name" value="Java Platform API Specification"/>
    <property name="java.class.version" value="52.0"/>
    <property name="sun.management.compiler" value="HotSpot 64-Bit Tiered Compilers"/>
    <property name="os.version" value="10.15.7"/>
    <property name="library.jansi.path" value="/Users/sunyadav1/Desktop/C Data/Maven/apache-maven-3.6.1/lib/jansi-native"/>
    <property name="user.home" value="/Users/sunyadav1"/>
    <property name="user.timezone" value="Europe/London"/>
    <property name="java.awt.printerjob" value="sun.lwawt.macosx.CPrinterJob"/>
    <property name="java.specification.version" value="1.8"/>
    <property name="file.encoding" value="US-ASCII"/>
    <property name="user.name" value="sunyadav1"/>
    <property name="java.class.path" value="/Users/sunyadav1/Desktop/C Data/Maven/apache-maven-3.6.1/boot/plexus-classworlds-2.6.0.jar"/>
    <property name="java.vm.specification.version" value="1.8"/>
    <property name="sun.arch.data.model" value="64"/>
    <property name="java.home" value="/Library/Java/JavaVirtualMachines/jdk1.8.0_181.jdk/Contents/Home/jre"/>
    <property name="sun.java.command" value="org.codehaus.plexus.classworlds.launcher.Launcher clean install -Dbrowser=firefox"/>
    <property name="java.specification.vendor" value="Oracle Corporation"/>
    <property name="user.language" value="en"/>
    <property name="awt.toolkit" value="sun.lwawt.macosx.LWCToolkit"/>
    <property name="java.vm.info" value="mixed mode"/>
    <property name="java.version" value="1.8.0_181"/>
    <property name="java.ext.dirs" value="/Users/sunyadav1/Library/Java/Extensions:/Library/Java/JavaVirtualMachines/jdk1.8.0_181.jdk/Contents/Home/jre/lib/ext:/Library/Java/Extensions:/Network/Library/Java/Extensions:/System/Library/Java/Extensions:/usr/lib/java"/>
    <property name="sun.boot.class.path" value="/Library/Java/JavaVirtualMachines/jdk1.8.0_181.jdk/Contents/Home/jre/lib/resources.jar:/Library/Java/JavaVirtualMachines/jdk1.8.0_181.jdk/Contents/Home/jre/lib/rt.jar:/Library/Java/JavaVirtualMachines/jdk1.8.0_181.jdk/Contents/Home/jre/lib/sunrsasign.jar:/Library/Java/JavaVirtualMachines/jdk1.8.0_181.jdk/Contents/Home/jre/lib/jsse.jar:/Library/Java/JavaVirtualMachines/jdk1.8.0_181.jdk/Contents/Home/jre/lib/jce.jar:/Library/Java/JavaVirtualMachines/jdk1.8.0_181.jdk/Contents/Home/jre/lib/charsets.jar:/Library/Java/JavaVirtualMachines/jdk1.8.0_181.jdk/Contents/Home/jre/lib/jfr.jar:/Library/Java/JavaVirtualMachines/jdk1.8.0_181.jdk/Contents/Home/jre/classes"/>
    <property name="java.vendor" value="Oracle Corporation"/>
    <property name="maven.home" value="/Users/sunyadav1/Desktop/C Data/Maven/apache-maven-3.6.1"/>
    <property name="file.separator" value="/"/>
    <property name="java.vendor.url.bug" value="http://bugreport.sun.com/bugreport/"/>
    <property name="sun.cpu.endian" value="little"/>
    <property name="sun.io.unicode.encoding" value="UnicodeBig"/>
    <property name="sun.cpu.isalist" value=""/>
  </properties>
  <testcase name="Given User is on Signup page of the miro application" classname="Scenario: Verify the successful registration on Miro" time="0.001"/>
  <testcase name="When User sign up with  correct name email and password" classname="Scenario: Verify the successful registration on Miro" time="0"/>
  <testcase name="And User selects terms and privacy" classname="Scenario: Verify the successful registration on Miro" time="0"/>
  <testcase name="And User selects agree to receive miro news and update" classname="Scenario: Verify the successful registration on Miro" time="0"/>
  <testcase name="And User click on get started now for signup" classname="Scenario: Verify the successful registration on Miro" time="0"/>
  <testcase name="Then User verify the authentication code screen for success" classname="Scenario: Verify the successful registration on Miro" time="0"/>
  <testcase name="Scenario: Verify the successful registration on Miro" classname="Scenario: Verify the successful registration on Miro" time="0.706"/>
  <testcase name="Given User is on Signup page of the miro application" classname="| miro | 123@mail@mail.com | enter_password123 | This doesn’t look like an email address. Please check it for typos and try again. |" time="0"/>
  <testcase name="When User sign up with &quot;miro&quot; &quot;123@mail@mail.com&quot; and &quot;enter_password123&quot;" classname="| miro | 123@mail@mail.com | enter_password123 | This doesn’t look like an email address. Please check it for typos and try again. |" time="0"/>
  <testcase name="And User selects terms and privacy" classname="| miro | 123@mail@mail.com | enter_password123 | This doesn’t look like an email address. Please check it for typos and try again. |" time="0"/>
  <testcase name="And User selects agree to receive miro news and update" classname="| miro | 123@mail@mail.com | enter_password123 | This doesn’t look like an email address. Please check it for typos and try again. |" time="0"/>
  <testcase name="And User click on get started now for signup" classname="| miro | 123@mail@mail.com | enter_password123 | This doesn’t look like an email address. Please check it for typos and try again. |" time="0"/>
  <testcase name="Then User verify the &quot;This doesn’t look like an email address. Please check it for typos and try again.&quot;" classname="| miro | 123@mail@mail.com | enter_password123 | This doesn’t look like an email address. Please check it for typos and try again. |" time="0"/>
  <testcase name="| miro | 123@mail@mail.com | enter_password123 | This doesn’t look like an email address. Please check it for typos and try again. |" classname="| miro | 123@mail@mail.com | enter_password123 | This doesn’t look like an email address. Please check it for typos and try again. |" time="0.599"/>
  <testcase name="Given User is on Signup page of the miro application" classname="| 1232 | abc@gmail.com | entewewe123 | Sorry, this email is already registered |" time="0"/>
  <testcase name="When User sign up with &quot;1232&quot; &quot;abc@gmail.com&quot; and &quot;entewewe123&quot;" classname="| 1232 | abc@gmail.com | entewewe123 | Sorry, this email is already registered |" time="0"/>
  <testcase name="And User selects terms and privacy" classname="| 1232 | abc@gmail.com | entewewe123 | Sorry, this email is already registered |" time="0"/>
  <testcase name="And User selects agree to receive miro news and update" classname="| 1232 | abc@gmail.com | entewewe123 | Sorry, this email is already registered |" time="0"/>
  <testcase name="And User click on get started now for signup" classname="| 1232 | abc@gmail.com | entewewe123 | Sorry, this email is already registered |" time="0"/>
  <testcase name="Then User verify the &quot;Sorry, this email is already registered&quot;" classname="| 1232 | abc@gmail.com | entewewe123 | Sorry, this email is already registered |" time="0"/>
  <testcase name="| 1232 | abc@gmail.com | entewewe123 | Sorry, this email is already registered |" classname="| 1232 | abc@gmail.com | entewewe123 | Sorry, this email is already registered |" time="0.615"/>
</testsuite>